<?xml version="1.0" encoding="UTF-8"?>
<!-- Generated by org.testng.reporters.JUnitReportReporter -->
<testsuite hostname="LAPTOP-VRAM7CVP" failures="0" tests="1" name="com.gcr.scripts.TC3" time="0.835" errors="0" timestamp="2022-12-09T13:14:59 EST" skipped="0">
  <testcase classname="com.gcr.scripts.TC3" name="OnlyLoginLogout" time="0.835"/>
  <system-out/>
</testsuite> <!-- com.gcr.scripts.TC3 -->
