<?xml version="1.0" encoding="UTF-8"?>
<!-- Generated by org.testng.reporters.JUnitReportReporter -->
<testsuite hostname="LAPTOP-VRAM7CVP" failures="0" tests="1" name="com.gcr.scripts.TC4" time="5.294" errors="0" timestamp="2022-12-12T13:06:18 EST" skipped="0">
  <testcase classname="com.gcr.scripts.TC4" name="LoginLogout_WebShop" time="5.294"/>
  <system-out/>
</testsuite> <!-- com.gcr.scripts.TC4 -->
